<?xml version="1.0" encoding="UTF-8"?>
<!-- Generated by org.testng.reporters.JUnitReportReporter -->
<testsuite skipped="0" hostname="ip-172-31-32-176" name="com.ecom.selenium.external.elements.DemoConfirmationAlertTest" tests="3" failures="0" timestamp="2021-06-07T14:21:04 UTC" time="19.028" errors="0">
  <testcase name="webConfirmationBox" time="10.898" classname="com.ecom.selenium.external.elements.DemoConfirmationAlertTest"/>
  <system-out/>
  <testcase name="verifyAlertbox" time="3.869" classname="com.ecom.selenium.external.elements.DemoConfirmationAlertTest"/>
  <system-out/>
  <testcase name="verifyTitle" time="4.261" classname="com.ecom.selenium.external.elements.DemoConfirmationAlertTest"/>
  <system-out/>
</testsuite> <!-- com.ecom.selenium.external.elements.DemoConfirmationAlertTest -->
