<?xml version="1.0" encoding="UTF-8"?>
<!-- Generated by org.testng.reporters.JUnitReportReporter -->
<testsuite skipped="0" hostname="ip-172-31-32-176" name="com.ecom.selenium.tests.amazontests.AmazonHonePageTest" tests="2" failures="0" timestamp="2021-06-06T12:53:58 UTC" time="0.186" errors="0">
  <testcase name="verifySourceUrl" time="0.174" classname="com.ecom.selenium.tests.amazontests.AmazonHonePageTest"/>
  <system-out/>
  <testcase name="verifyomePageTitle" time="0.012" classname="com.ecom.selenium.tests.amazontests.AmazonHonePageTest"/>
  <system-out/>
</testsuite> <!-- com.ecom.selenium.tests.amazontests.AmazonHonePageTest -->
