<?xml version="1.0" encoding="UTF-8"?>
<!-- Generated by org.testng.reporters.JUnitReportReporter -->
<testsuite skipped="0" hostname="ip-172-31-32-176" name="com.ecom.selenium.external.elements.DemoRadioButtonTest" tests="4" failures="0" timestamp="2021-06-07T14:48:08 UTC" time="3.445" errors="0">
  <testcase name="verifyRadioButtonExistTest" time="0.890" classname="com.ecom.selenium.external.elements.DemoRadioButtonTest"/>
  <system-out/>
  <testcase name="verifyRadioButtonClickTest1" time="0.732" classname="com.ecom.selenium.external.elements.DemoRadioButtonTest"/>
  <system-out/>
  <testcase name="verifyRadioButtonClickTest2" time="1.040" classname="com.ecom.selenium.external.elements.DemoRadioButtonTest"/>
  <system-out/>
  <testcase name="verifyRadioButtonClickTest3" time="0.783" classname="com.ecom.selenium.external.elements.DemoRadioButtonTest"/>
  <system-out/>
</testsuite> <!-- com.ecom.selenium.external.elements.DemoRadioButtonTest -->
