<?xml version="1.0" encoding="UTF-8"?>
<!-- Generated by org.testng.reporters.JUnitReportReporter -->
<testsuite skipped="0" hostname="ip-172-31-32-176" name="com.ecom.selenium.tests.amazontests.ImplicitwaitTest" tests="2" failures="0" timestamp="2021-06-07T12:49:34 UTC" time="0.187" errors="0">
  <testcase name="verifyomePageTitle" time="0.076" classname="com.ecom.selenium.tests.amazontests.ImplicitwaitTest"/>
  <system-out/>
  <testcase name="verifySourceUrl" time="0.111" classname="com.ecom.selenium.tests.amazontests.ImplicitwaitTest"/>
  <system-out/>
</testsuite> <!-- com.ecom.selenium.tests.amazontests.ImplicitwaitTest -->
