<?xml version="1.0" encoding="UTF-8"?>
<!-- Generated by org.testng.reporters.JUnitReportReporter -->
<testsuite skipped="0" hostname="ip-172-31-32-176" name="com.ecom.selenium.tests.amazontests.TestNgAnnotations" tests="2" failures="0" timestamp="2021-06-06T12:40:36 UTC" time="0.007" errors="0">
  <testcase name="testOne" time="0.006" classname="com.ecom.selenium.tests.amazontests.TestNgAnnotations"/>
  <system-out/>
  <testcase name="testTwo" time="0.001" classname="com.ecom.selenium.tests.amazontests.TestNgAnnotations"/>
  <system-out/>
</testsuite> <!-- com.ecom.selenium.tests.amazontests.TestNgAnnotations -->
