<?xml version="1.0" encoding="UTF-8"?>
<!-- Generated by org.testng.reporters.JUnitReportReporter -->
<testsuite skipped="0" hostname="ip-172-31-32-176" name="com.ecom.selenium.external.browser.screenshot.BrowserWindowSchreenShotTests" tests="1" failures="0" timestamp="2021-06-08T07:06:13 UTC" time="3.222" errors="0">
  <testcase name="takeScreenShotTest" time="3.222" classname="com.ecom.selenium.external.browser.screenshot.BrowserWindowSchreenShotTests"/>
  <system-out/>
</testsuite> <!-- com.ecom.selenium.external.browser.screenshot.BrowserWindowSchreenShotTests -->
