<?xml version="1.0" encoding="UTF-8"?>
<!-- Generated by org.testng.reporters.JUnitReportReporter -->
<testsuite skipped="0" hostname="ip-172-31-32-176" name="com.ecom.selenium.external.window.popup.BrowserWindowsPopupTest" tests="1" failures="0" timestamp="2021-06-08T06:24:10 UTC" time="8.433" errors="0">
  <testcase name="verifyLocationWindowspopup" time="8.433" classname="com.ecom.selenium.external.window.popup.BrowserWindowsPopupTest"/>
  <system-out/>
</testsuite> <!-- com.ecom.selenium.external.window.popup.BrowserWindowsPopupTest -->
